<?xml version="1.0" encoding="UTF-8"?>
<!-- Generated by org.testng.reporters.JUnitXMLReporter -->
<testsuite ignored="0" hostname="Praveena" failures="0" tests="4" name="Test" time="24.742" errors="0" timestamp="2026-06-15T17:33:47 IST">
  <testcase classname="testScript.LoginTest" name="verifyLoginWithValidUsernameAndPassword" time="1.973"/>
  <testcase classname="testScript.LoginTest" name="verifyLoginwithInvalidUsernameAndInvalidPassword" time="0.481"/>
  <testcase classname="testScript.LoginTest" name="verifyLoginwithInvalidUsernameAndValidPassword" time="0.949"/>
  <testcase classname="testScript.LoginTest" name="verifyLoginwithValidUsernameAndInvalidPassword" time="1.08"/>
</testsuite> <!-- Test -->
