<?xml version="1.0" encoding="UTF-8"?>
<!-- Generated by org.testng.reporters.JUnitXMLReporter -->
<testsuite ignored="2" hostname="Praveena" failures="0" tests="2" name="Test" time="6.498" errors="0" timestamp="2026-06-15T18:13:14 IST">
  <testcase classname="testScript.LoginTest" name="verifyLoginWithValidUsernameAndPassword" time="1.755"/>
  <testcase classname="testScript.LoginTest" name="verifyLoginwithValidUsernameAndInvalidPassword" time="0.399"/>
  <testcase classname="testScript.LoginTest" name="verifyLoginwithInvalidUsernameAndInvalidPassword" time="0.0">
    <ignored/>
  </testcase> <!-- verifyLoginwithInvalidUsernameAndInvalidPassword -->
  <testcase classname="testScript.LoginTest" name="verifyLoginwithInvalidUsernameAndValidPassword" time="0.0">
    <ignored/>
  </testcase> <!-- verifyLoginwithInvalidUsernameAndValidPassword -->
</testsuite> <!-- Test -->
