<?xml version="1.0" encoding="UTF-8"?>
<!-- Generated by org.testng.reporters.JUnitXMLReporter -->
<testsuite ignored="0" hostname="Praveena" failures="0" tests="4" name="Test" time="9.517" errors="0" timestamp="2026-06-15T19:47:17 IST">
  <testcase classname="testScript.LoginTest" name="verifyLoginWithValidUsernameAndPassword" time="1.189"/>
  <testcase classname="testScript.LoginTest" name="verifyLoginwithInvalidUsernameAndInvalidPassword" time="0.36"/>
  <testcase classname="testScript.LoginTest" name="verifyLoginwithInvalidUsernameAndValidPassword" time="0.365"/>
  <testcase classname="testScript.LoginTest" name="verifyLoginwithValidUsernameAndInvalidPassword" time="0.38"/>
</testsuite> <!-- Test -->
