<?xml version="1.0" encoding="UTF-8"?>
<!-- Generated by org.testng.reporters.JUnitReportReporter -->
<testsuite hostname="Praveena" failures="0" tests="4" name="testScript.LoginTest" time="9.476" errors="0" timestamp="2026-06-15T19:47:17 IST" skipped="0">
  <testcase classname="testScript.LoginTest" name="verifyLoginwithInvalidUsernameAndValidPassword" time="3.324"/>
  <testcase classname="testScript.LoginTest" name="verifyLoginwithValidUsernameAndInvalidPassword" time="1.800"/>
  <testcase classname="testScript.LoginTest" name="verifyLoginWithValidUsernameAndPassword" time="2.559"/>
  <testcase classname="testScript.LoginTest" name="verifyLoginwithInvalidUsernameAndInvalidPassword" time="1.793"/>
</testsuite> <!-- testScript.LoginTest -->
