<?xml version="1.0" encoding="UTF-8"?>
<!-- Generated by org.testng.reporters.JUnitXMLReporter -->
<testsuite ignored="0" hostname="Praveena" failures="0" tests="4" name="Test2" time="28.67" errors="0" timestamp="2026-06-15T19:21:54 IST">
  <testcase classname="testScript.LoginTest" name="verifyLoginWithValidUsernameAndPassword" time="0.509"/>
  <testcase classname="testScript.LoginTest" name="verifyLoginwithInvalidUsernameAndInvalidPassword" time="0.325"/>
  <testcase classname="testScript.LoginTest" name="verifyLoginwithInvalidUsernameAndValidPassword" time="1.089"/>
  <testcase classname="testScript.LoginTest" name="verifyLoginwithValidUsernameAndInvalidPassword" time="0.259"/>
</testsuite> <!-- Test2 -->
