<?xml version="1.0" encoding="UTF-8"?>
<!-- Generated by org.testng.reporters.JUnitXMLReporter -->
<testsuite ignored="0" hostname="Praveena" failures="0" tests="4" name="Test1" time="11.632" errors="0" timestamp="2026-06-15T19:21:37 IST">
  <testcase classname="testScript.LoginTest" name="verifyLoginWithValidUsernameAndPassword" time="1.26"/>
  <testcase classname="testScript.LoginTest" name="verifyLoginwithInvalidUsernameAndInvalidPassword" time="0.498"/>
  <testcase classname="testScript.LoginTest" name="verifyLoginwithInvalidUsernameAndValidPassword" time="0.911"/>
  <testcase classname="testScript.LoginTest" name="verifyLoginwithValidUsernameAndInvalidPassword" time="0.94"/>
</testsuite> <!-- Test1 -->
